AdrenoSDKVulkan/samples/tut_monument/app/build/outputs/logs/manifest-merger-arm7-debug-report.txt
-- Merging decision tree log ---
manifest
ADDED from src\main\AndroidManifest.xml:3:1-32:12
	package
		ADDED from src\main\AndroidManifest.xml:4:11-53
		INJECTED from src\main\AndroidManifest.xml
		INJECTED from src\main\AndroidManifest.xml
	android:versionName
		ADDED from src\main\AndroidManifest.xml:6:11-36
		INJECTED from src\main\AndroidManifest.xml
		INJECTED from src\main\AndroidManifest.xml
	android:versionCode
		ADDED from src\main\AndroidManifest.xml:5:11-34
		INJECTED from src\main\AndroidManifest.xml
		INJECTED from src\main\AndroidManifest.xml
	xmlns:android
		ADDED from src\main\AndroidManifest.xml:3:11-69
uses-permission#android.permission.INTERNET
ADDED from src\main\AndroidManifest.xml:7:3-65
	android:name
		ADDED from src\main\AndroidManifest.xml:7:20-62
application
ADDED from src\main\AndroidManifest.xml:10:3-30:17
	android:hasCode
		ADDED from src\main\AndroidManifest.xml:15:7-30
	android:label
		ADDED from src\main\AndroidManifest.xml:14:7-39
	android:fullBackupContent
		ADDED from src\main\AndroidManifest.xml:12:7-40
	android:allowBackup
		ADDED from src\main\AndroidManifest.xml:11:7-34
	android:icon
		ADDED from src\main\AndroidManifest.xml:13:7-41
activity#android.app.NativeActivity
ADDED from src\main\AndroidManifest.xml:19:5-29:16
	android:label
		ADDED from src\main\AndroidManifest.xml:20:15-47
	android:configChanges
		ADDED from src\main\AndroidManifest.xml:21:15-65
	android:name
		ADDED from src\main\AndroidManifest.xml:19:15-56
meta-data#android.app.lib_name
ADDED from src\main\AndroidManifest.xml:23:7-24:56
	android:value
		ADDED from src\main\AndroidManifest.xml:24:18-53
	android:name
		ADDED from src\main\AndroidManifest.xml:23:18-53
intent-filter#android.intent.action.MAIN+android.intent.category.LAUNCHER
ADDED from src\main\AndroidManifest.xml:25:7-28:23
action#android.intent.action.MAIN
ADDED from src\main\AndroidManifest.xml:26:9-61
	android:name
		ADDED from src\main\AndroidManifest.xml:26:17-58
category#android.intent.category.LAUNCHER
ADDED from src\main\AndroidManifest.xml:27:9-69
	android:name
		ADDED from src\main\AndroidManifest.xml:27:19-66
uses-sdk
INJECTED from src\main\AndroidManifest.xml reason: use-sdk injection requested
	android:targetSdkVersion
		INJECTED from src\main\AndroidManifest.xml
		INJECTED from src\main\AndroidManifest.xml
	android:minSdkVersion
		INJECTED from src\main\AndroidManifest.xml
		INJECTED from src\main\AndroidManifest.xml